app/build/intermediates/manifest_merge_blame_file/debug/manifest-merger-blame-debug-report.txt
1<?xml version="1.0" encoding="utf-8"?>
2<!--
3  ~ Copyright (C) 2021 The Android Open Source Project.
4  ~
5  ~ Licensed under the Apache License, Version 2.0 (the "License");
6  ~ you may not use this file except in compliance with the License.
7  ~ You may obtain a copy of the License at
8  ~
9  ~     http://www.apache.org/licenses/LICENSE-2.0
10  ~
11  ~ Unless required by applicable law or agreed to in writing, software
12  ~ distributed under the License is distributed on an "AS IS" BASIS,
13  ~ WITHOUT WARRANTIES OR CONDITIONS OF ANY KIND, either express or implied.
14  ~ See the License for the specific language governing permissions and
15  ~ limitations under the License.
16-->
17<manifest xmlns:android="http://schemas.android.com/apk/res/android"
18    package="com.example.dogglers"
19    android:versionCode="1"
20    android:versionName="1.0" >
21
22    <uses-sdk
23        android:minSdkVersion="21"
23-->src\main\AndroidManifest.xml
24        android:targetSdkVersion="30" />
24-->src\main\AndroidManifest.xml
25
26    <uses-permission android:name="android.permission.REORDER_TASKS" />
26-->[androidx.fragment:fragment-testing:1.3.3] AndroidManifest.xml:25:5-72
26-->[androidx.fragment:fragment-testing:1.3.3] AndroidManifest.xml:25:22-69
27
28    <application
28-->src\main\AndroidManifest.xml:20:5-73:19
29        android:allowBackup="true"
29-->src\main\AndroidManifest.xml:21:9-35
30        android:appComponentFactory="androidx.core.app.CoreComponentFactory"
30-->[androidx.core:core:1.3.2] AndroidManifest.xml:24:18-86
31        android:debuggable="true"
32        android:icon="@mipmap/ic_launcher"
32-->src\main\AndroidManifest.xml:22:9-43
33        android:label="@string/app_name"
33-->src\main\AndroidManifest.xml:23:9-41
34        android:roundIcon="@mipmap/ic_launcher_round"
34-->src\main\AndroidManifest.xml:24:9-54
35        android:supportsRtl="true"
35-->src\main\AndroidManifest.xml:25:9-35
36        android:testOnly="true"
37        android:theme="@style/Theme.Dogglers" >
37-->src\main\AndroidManifest.xml:26:9-46
38        <activity android:name="com.example.dogglers.ShoesActivity" >
38-->src\main\AndroidManifest.xml:27:9-31:20
38-->src\main\AndroidManifest.xml:27:19-48
39            <meta-data
39-->src\main\AndroidManifest.xml:28:13-30:49
40                android:name="android.support.PARENT_ACTIVITY"
40-->src\main\AndroidManifest.xml:29:17-63
41                android:value=".MainActivity" />
41-->src\main\AndroidManifest.xml:30:17-46
42        </activity>
43        <activity android:name="com.example.dogglers.PhonesActivity" >
43-->src\main\AndroidManifest.xml:32:9-36:20
43-->src\main\AndroidManifest.xml:32:19-49
44            <meta-data
44-->src\main\AndroidManifest.xml:28:13-30:49
45                android:name="android.support.PARENT_ACTIVITY"
45-->src\main\AndroidManifest.xml:29:17-63
46                android:value=".MainActivity" />
46-->src\main\AndroidManifest.xml:30:17-46
47        </activity>
48        <activity android:name="com.example.dogglers.BooksActivity" >
48-->src\main\AndroidManifest.xml:37:9-41:20
48-->src\main\AndroidManifest.xml:37:19-48
49            <meta-data
49-->src\main\AndroidManifest.xml:28:13-30:49
50                android:name="android.support.PARENT_ACTIVITY"
50-->src\main\AndroidManifest.xml:29:17-63
51                android:value=".MainActivity" />
51-->src\main\AndroidManifest.xml:30:17-46
52        </activity>
53        <activity android:name="com.example.dogglers.IntroActivity" >
53-->src\main\AndroidManifest.xml:43:9-44:20
53-->src\main\AndroidManifest.xml:43:19-48
54        </activity>
55        <activity android:name="com.example.dogglers.CartActivity" >
55-->src\main\AndroidManifest.xml:45:9-49:20
55-->src\main\AndroidManifest.xml:45:19-47
56            <meta-data
56-->src\main\AndroidManifest.xml:28:13-30:49
57                android:name="android.support.PARENT_ACTIVITY"
57-->src\main\AndroidManifest.xml:29:17-63
58                android:value=".MainActivity" />
58-->src\main\AndroidManifest.xml:30:17-46
59        </activity>
60        <activity android:name="com.example.dogglers.VerticalListActivity" >
60-->src\main\AndroidManifest.xml:51:9-55:20
60-->src\main\AndroidManifest.xml:51:19-55
61            <meta-data
61-->src\main\AndroidManifest.xml:28:13-30:49
62                android:name="android.support.PARENT_ACTIVITY"
62-->src\main\AndroidManifest.xml:29:17-63
63                android:value=".MainActivity" />
63-->src\main\AndroidManifest.xml:30:17-46
64        </activity>
65        <activity android:name="com.example.dogglers.ProductActivity" >
65-->src\main\AndroidManifest.xml:56:9-60:20
65-->src\main\AndroidManifest.xml:56:19-50
66            <meta-data
66-->src\main\AndroidManifest.xml:28:13-30:49
67                android:name="android.support.PARENT_ACTIVITY"
67-->src\main\AndroidManifest.xml:29:17-63
68                android:value=".MainActivity" />
68-->src\main\AndroidManifest.xml:30:17-46
69        </activity>
70        <activity android:name="com.example.dogglers.GridListActivity" >
70-->src\main\AndroidManifest.xml:61:9-65:20
70-->src\main\AndroidManifest.xml:61:19-51
71            <meta-data
71-->src\main\AndroidManifest.xml:28:13-30:49
72                android:name="android.support.PARENT_ACTIVITY"
72-->src\main\AndroidManifest.xml:29:17-63
73                android:value=".MainActivity" />
73-->src\main\AndroidManifest.xml:30:17-46
74        </activity>
75        <activity android:name="com.example.dogglers.MainActivity" >
75-->src\main\AndroidManifest.xml:66:9-72:20
75-->src\main\AndroidManifest.xml:66:19-47
76            <intent-filter>
76-->src\main\AndroidManifest.xml:67:13-71:29
77                <action android:name="android.intent.action.MAIN" />
77-->src\main\AndroidManifest.xml:68:17-69
77-->src\main\AndroidManifest.xml:68:25-66
78
79                <category android:name="android.intent.category.LAUNCHER" />
79-->src\main\AndroidManifest.xml:70:17-77
79-->src\main\AndroidManifest.xml:70:27-74
80            </intent-filter>
81        </activity>
82        <activity
82-->[androidx.fragment:fragment-testing:1.3.3] AndroidManifest.xml:28:9-37:20
83            android:name="androidx.fragment.app.testing.FragmentScenario$EmptyFragmentActivity"
83-->[androidx.fragment:fragment-testing:1.3.3] AndroidManifest.xml:29:13-96
84            android:exported="true"
84-->[androidx.fragment:fragment-testing:1.3.3] AndroidManifest.xml:30:13-36
85            android:multiprocess="true"
85-->[androidx.fragment:fragment-testing:1.3.3] AndroidManifest.xml:31:13-40
86            android:taskAffinity=""
86-->[androidx.fragment:fragment-testing:1.3.3] AndroidManifest.xml:32:13-36
87            android:theme="@style/FragmentScenarioEmptyFragmentActivityTheme" >
87-->[androidx.fragment:fragment-testing:1.3.3] AndroidManifest.xml:33:13-78
88            <intent-filter>
88-->[androidx.fragment:fragment-testing:1.3.3] AndroidManifest.xml:34:13-36:29
89                <action android:name="android.intent.action.MAIN" />
89-->src\main\AndroidManifest.xml:68:17-69
89-->src\main\AndroidManifest.xml:68:25-66
90            </intent-filter>
91        </activity>
92        <activity
92-->[androidx.test:core:1.3.0] AndroidManifest.xml:27:9-33:20
93            android:name="androidx.test.core.app.InstrumentationActivityInvoker$BootstrapActivity"
93-->[androidx.test:core:1.3.0] AndroidManifest.xml:28:13-99
94            android:theme="@android:style/Theme" >
94-->[androidx.test:core:1.3.0] AndroidManifest.xml:29:13-49
95            <intent-filter>
95-->[androidx.fragment:fragment-testing:1.3.3] AndroidManifest.xml:34:13-36:29
96                <action android:name="android.intent.action.MAIN" />
96-->src\main\AndroidManifest.xml:68:17-69
96-->src\main\AndroidManifest.xml:68:25-66
97            </intent-filter>
98        </activity>
99        <activity
99-->[androidx.test:core:1.3.0] AndroidManifest.xml:34:9-40:20
100            android:name="androidx.test.core.app.InstrumentationActivityInvoker$EmptyActivity"
100-->[androidx.test:core:1.3.0] AndroidManifest.xml:35:13-95
101            android:theme="@android:style/Theme" >
101-->[androidx.test:core:1.3.0] AndroidManifest.xml:36:13-49
102            <intent-filter>
102-->[androidx.fragment:fragment-testing:1.3.3] AndroidManifest.xml:34:13-36:29
103                <action android:name="android.intent.action.MAIN" />
103-->src\main\AndroidManifest.xml:68:17-69
103-->src\main\AndroidManifest.xml:68:25-66
104            </intent-filter>
105        </activity>
106        <activity
106-->[androidx.test:core:1.3.0] AndroidManifest.xml:41:9-47:20
107            android:name="androidx.test.core.app.InstrumentationActivityInvoker$EmptyFloatingActivity"
107-->[androidx.test:core:1.3.0] AndroidManifest.xml:42:13-103
108            android:theme="@android:style/Theme.Dialog" >
108-->[androidx.test:core:1.3.0] AndroidManifest.xml:43:13-56
109            <intent-filter>
109-->[androidx.fragment:fragment-testing:1.3.3] AndroidManifest.xml:34:13-36:29
110                <action android:name="android.intent.action.MAIN" />
110-->src\main\AndroidManifest.xml:68:17-69
110-->src\main\AndroidManifest.xml:68:25-66
111            </intent-filter>
112        </activity>
113    </application>
114
115</manifest>